<?xml version="1.0" encoding="UTF-8"?>
<!-- Generated by org.testng.reporters.JUnitXMLReporter -->
<testsuite ignored="0" hostname="DESKTOP-1P2EEK8" failures="1" tests="1" name="Test" time="0.518" errors="0" timestamp="2022-04-20T20:41:44 IST">
  <testcase classname="OrangeHRM.TestDemo6" name="loginTest" time="0.028">
    <failure type="java.lang.AssertionError" message="expected [true] but found [false]">
      <![CDATA[java.lang.AssertionError: expected [true] but found [false]
at OrangeHRM.TestDemo6.loginTest(TestDemo6.java:52)
at java.base/java.util.ArrayList.forEach(ArrayList.java:1511)
... Removed 31 stack frames]]>
    </failure>
  </testcase> <!-- loginTest -->
</testsuite> <!-- Test -->
